<?xml version="1.0" encoding="UTF-8"?>
<!-- Generated by org.testng.reporters.JUnitReportReporter -->
<testsuite hostname="JITHUKATTALAN" failures="0" tests="1" name="testngpkg.Multiplewindowhandler" time="7.025" errors="0" timestamp="2024-02-27T09:51:56 IST" skipped="0">
  <testcase classname="testngpkg.Multiplewindowhandler" name="windowhandler" time="7.025"/>
  <system-out/>
</testsuite> <!-- testngpkg.Multiplewindowhandler -->
