<?xml version="1.0" encoding="UTF-8"?>
<!-- Generated by org.testng.reporters.JUnitReportReporter -->
<testsuite hostname="JITHUKATTALAN" failures="0" tests="1" name="testngpkg.Ebay" time="3.888" errors="0" timestamp="2024-02-28T09:59:51 IST" skipped="0">
  <testcase classname="testngpkg.Ebay" name="ebaytest" time="3.888"/>
  <system-out/>
</testsuite> <!-- testngpkg.Ebay -->
