<?xml version="1.0" encoding="UTF-8"?>
<!-- Generated by org.testng.reporters.JUnitReportReporter -->
<testsuite hostname="JITHUKATTALAN" failures="0" tests="1" name="Automationexercise" time="31.738" errors="0" timestamp="2024-02-29T10:21:55 IST" skipped="0">
  <testcase classname="Automationexercise" name="Operations" time="31.738"/>
  <system-out/>
</testsuite> <!-- Automationexercise -->
