<?xml version="1.0" encoding="UTF-8"?>
<!-- Generated by org.testng.reporters.JUnitReportReporter -->
<testsuite hostname="JITHUKATTALAN" failures="0" tests="1" name="testngpkg.datadrivenfacebook" time="30.067" errors="0" timestamp="2024-02-26T10:40:28 IST" skipped="0">
  <testcase classname="testngpkg.datadrivenfacebook" name="datadriven" time="30.067"/>
  <system-out/>
</testsuite> <!-- testngpkg.datadrivenfacebook -->
