<?xml version="1.0" encoding="UTF-8"?>
<!-- Generated by org.testng.reporters.JUnitReportReporter -->
<testsuite hostname="JITHUKATTALAN" failures="0" tests="1" name="testngpkg.Trivago" time="24.823" errors="0" timestamp="2024-03-04T11:52:51 IST" skipped="0">
  <testcase classname="testngpkg.Trivago" name="datePick" time="24.823"/>
  <system-out/>
</testsuite> <!-- testngpkg.Trivago -->
