<?xml version="1.0" encoding="UTF-8"?>
<!-- Generated by org.testng.reporters.JUnitReportReporter -->
<testsuite hostname="JITHUKATTALAN" failures="0" tests="1" name="Testpkg.Fblogincreatetest" time="2.855" errors="0" timestamp="2024-03-06T10:41:37 IST" skipped="0">
  <testcase classname="Testpkg.Fblogincreatetest" name="testlogin" time="2.855"/>
  <system-out/>
</testsuite> <!-- Testpkg.Fblogincreatetest -->
