<?xml version="1.0" encoding="UTF-8"?>
<!-- Generated by org.testng.reporters.JUnitReportReporter -->
<testsuite hostname="JITHUKATTALAN" failures="0" tests="1" name="testngpkg.Blockpopup" time="5.887" errors="0" timestamp="2024-02-28T10:53:24 IST" skipped="0">
  <testcase classname="testngpkg.Blockpopup" name="test" time="5.887"/>
  <system-out/>
</testsuite> <!-- testngpkg.Blockpopup -->
