<?xml version="1.0" encoding="UTF-8"?>
<!-- Generated by org.testng.reporters.JUnitReportReporter -->
<testsuite hostname="JITHUKATTALAN" failures="0" tests="1" name="testngpkg.Amazonscroll" time="4.968" errors="0" timestamp="2024-02-28T10:42:58 IST" skipped="0">
  <testcase classname="testngpkg.Amazonscroll" name="amazontest" time="4.968"/>
  <system-out/>
</testsuite> <!-- testngpkg.Amazonscroll -->
