<?xml version="1.0" encoding="UTF-8"?>
<!-- Generated by org.testng.reporters.JUnitReportReporter -->
<testsuite hostname="JITHUKATTALAN" failures="0" tests="1" name="Testpkg.Fblogintest" time="0.389" errors="0" timestamp="2024-03-06T10:13:03 IST" skipped="0">
  <testcase classname="Testpkg.Fblogintest" name="testlogin" time="0.389"/>
  <system-out/>
</testsuite> <!-- Testpkg.Fblogintest -->
