<?xml version="1.0" encoding="UTF-8"?>
<!-- Generated by org.testng.reporters.JUnitReportReporter -->
<testsuite hostname="JITHUKATTALAN" failures="0" tests="1" name="testngpkg.Loginverification" time="4.109" errors="0" timestamp="2024-02-27T09:14:59 IST" skipped="0">
  <testcase classname="testngpkg.Loginverification" name="logIn" time="4.109"/>
  <system-out/>
</testsuite> <!-- testngpkg.Loginverification -->
