<?xml version="1.0" encoding="UTF-8"?>
<!-- Generated by org.testng.reporters.JUnitReportReporter -->
<testsuite hostname="JITHUKATTALAN" failures="0" tests="1" name="testngpkg.Parameterisation" time="0.016" errors="0" timestamp="2024-02-20T09:42:13 IST" skipped="0">
  <testcase classname="testngpkg.Parameterisation" name="test" time="0.016"/>
  <system-out/>
</testsuite> <!-- testngpkg.Parameterisation -->
