<?xml version="1.0" encoding="UTF-8"?>
<!-- Generated by org.testng.reporters.JUnitReportReporter -->
<testsuite hostname="JITHUKATTALAN" failures="0" tests="5" name="testngpkg.Testngdemo" time="0.016" errors="0" timestamp="2024-02-16T09:09:36 IST" skipped="1">
  <testcase classname="testngpkg.Testngdemo" name="test2" time="0.010"/>
  <system-out/>
  <testcase classname="testngpkg.Testngdemo" name="test" time="0.002"/>
  <system-out/>
  <testcase classname="testngpkg.Testngdemo" name="test" time="0.002"/>
  <system-out/>
  <testcase classname="testngpkg.Testngdemo" name="test" time="0.002"/>
  <system-out/>
  <testcase classname="testngpkg.Testngdemo" name="test1">
    <skipped/>
  </testcase> <!-- test1 -->
  <system-out/>
</testsuite> <!-- testngpkg.Testngdemo -->
