<?xml version="1.0" encoding="UTF-8"?>
<!-- Generated by org.testng.reporters.JUnitReportReporter -->
<testsuite hostname="JITHUKATTALAN" failures="0" tests="5" name="testngpkg.RedifftestNG" time="25.205" errors="0" timestamp="2024-02-20T09:14:01 IST" skipped="0">
  <testcase classname="testngpkg.RedifftestNG" name="titleverification" time="0.697"/>
  <system-out/>
  <testcase classname="testngpkg.RedifftestNG" name="buttoneneabled" time="0.600"/>
  <system-out/>
  <testcase classname="testngpkg.RedifftestNG" name="logoverification" time="0.662"/>
  <system-out/>
  <testcase classname="testngpkg.RedifftestNG" name="buttontextverification" time="22.602"/>
  <system-out/>
  <testcase classname="testngpkg.RedifftestNG" name="contentverification" time="0.644"/>
  <system-out/>
</testsuite> <!-- testngpkg.RedifftestNG -->
